Arguments: 
  C:\Program Files\NodeJs\node.exe C:\Program Files (x86)\Yarn\bin\yarn.js add js-cookie

PATH: 
  C:\Program Files (x86)\Common Files\Oracle\Java\javapath;C:\Program Files\Microsoft MPI\Bin\;C:\Program Files\ImageMagick-7.0.6-Q16;C:\ProgramData\Oracle\Java\javapath;C:\Program Files (x86)\Intel\iCLS Client\;C:\Program Files\Intel\iCLS Client\;C:\WINDOWS\system32;C:\WINDOWS;C:\WINDOWS\System32\Wbem;C:\WINDOWS\System32\WindowsPowerShell\v1.0\;C:\Program Files (x86)\EgisTec BioExcess\x64;C:\Program Files (x86)\EgisTec BioExcess\;C:\Program Files\Intel\Intel(R) Management Engine Components\DAL;C:\Program Files (x86)\Intel\Intel(R) Management Engine Components\DAL;C:\Program Files\Intel\Intel(R) Management Engine Components\IPT;C:\Program Files (x86)\Intel\Intel(R) Management Engine Components\IPT;C:\Program Files\apache-maven-3.5.0\bin;C:\Program Files (x86)\NVIDIA Corporation\PhysX\Common;C:\Program Files\Microsoft SQL Server\130\Tools\Binn\;C:\Program Files\dotnet\;C:\Program Files\PuTTY\;C:\Program Files (x86)\File\bin;C:\Program Files (x86)\GtkSharp\2.12\bin;C:\WINDOWS\system32;C:\WINDOWS;C:\WINDOWS\System32\Wbem;C:\WINDOWS\System32\WindowsPowerShell\v1.0\;C:\Program Files (x86)\Common Files\Acronis\VirtualFile\;C:\Program Files (x86)\Common Files\Acronis\VirtualFile64\;C:\Program Files (x86)\Common Files\Acronis\FileProtector\;C:\Program Files (x86)\Common Files\Acronis\FileProtector64\;C:\Program Files (x86)\Common Files\Acronis\SnapAPI\;C:\Program Files (x86)\Calibre2\;C:\ProgramData\ComposerSetup\bin;C:\Program Files\MiKTeX 2.9\miktex\bin\x64\;C:\Program Files\NodeJs\;C:\Program Files\Intel\WiFi\bin\;C:\Program Files\Common Files\Intel\WirelessCommon\;C:\Program Files (x86)\Yarn\bin\;C:\Program Files\Git\cmd;C:\WINDOWS\System32\OpenSSH\;C:\Ruby24-x64\bin;C:\Users\micci\AppData\Local\Microsoft\WindowsApps;C:\Program Files\Apache Maven 3.5.0\bin;C:\Program Files\Heroku\bin;C:\Program Files\Microsoft VS Code\bin;C:\Program Files\Bandizip\;C:\PHP-7.2.4;C:\Users\micci\AppData\Roaming\Composer\vendor\bin;C:\Users\micci\AppData\Roaming\npm;C:\Program Files\Intel\WiFi\bin\;C:\Program Files\Common Files\Intel\WirelessCommon\;C:\Users\micci\AppData\Local\Yarn\bin;C:\SQLite3;

Yarn version: 
  1.7.0

Node version: 
  10.0.0

Platform: 
  win32 x64

Trace: 
  Error: connect ETIMEDOUT 10.0.0.1:443
      at TCPConnectWrap.afterConnect [as oncomplete] (net.js:1161:14)

npm manifest: 
  {
    "name": "rasm-chrome",
    "version": "1.0.0",
    "description": "Chrome extension of Readersourcing @ Sissa Medialab",
    "repository": "https://bitbucket.org/Miccighel/r-sm-chrome/src",
    "author": "Michael Soprano",
    "license": "MIT",
    "dependencies": {
      "bootstrap": "^4.1.1",
      "bootstrap-select": "^1.13.1",
      "bootstrap-slider": "^10.0.2",
      "font-awesome": "^4.7.0",
      "jquery": "^3.3.1",
      "jquery-parallax.js": "^1.5.0",
      "jquery.cookie": "^1.4.1",
      "jquery.counterup": "^2.1.0",
      "jquery.scrollto": "^2.1.2",
      "owl.carousel": "^2.3.4",
      "owl.carousel2.thumbs": "^0.1.8",
      "popper.js": "^1.14.3",
      "waypoints": "^4.0.1",
      "wowjs": "^1.1.3"
    }
  }

yarn manifest: 
  No manifest

Lockfile: 
  # THIS IS AN AUTOGENERATED FILE. DO NOT EDIT THIS FILE DIRECTLY.
  # yarn lockfile v1
  
  
  animate.css@latest:
    version "3.6.1"
    resolved "https://registry.yarnpkg.com/animate.css/-/animate.css-3.6.1.tgz#4ea8a48556378bc8d7535224296c4c0dac9229de"
  
  bootstrap-select@^1.13.1:
    version "1.13.1"
    resolved "https://registry.yarnpkg.com/bootstrap-select/-/bootstrap-select-1.13.1.tgz#f59c02926fb5ac6356b9d1cdbc5384c2f013d9ba"
  
  bootstrap-slider@^10.0.2:
    version "10.2.0"
    resolved "https://registry.yarnpkg.com/bootstrap-slider/-/bootstrap-slider-10.2.0.tgz#b71bee15b210442e43f949cb438ac25249dfdc07"
  
  bootstrap@^4.1.1:
    version "4.1.3"
    resolved "https://registry.yarnpkg.com/bootstrap/-/bootstrap-4.1.3.tgz#0eb371af2c8448e8c210411d0cb824a6409a12be"
  
  font-awesome@^4.7.0:
    version "4.7.0"
    resolved "https://registry.yarnpkg.com/font-awesome/-/font-awesome-4.7.0.tgz#8fa8cf0411a1a31afd07b06d2902bb9fc815a133"
  
  jquery-parallax.js@^1.5.0:
    version "1.5.0"
    resolved "https://registry.yarnpkg.com/jquery-parallax.js/-/jquery-parallax.js-1.5.0.tgz#4d57f669db2374526bbb6fd595830cecadd3c71f"
    dependencies:
      jquery ">=1.7"
  
  jquery.cookie@^1.4.1:
    version "1.4.1"
    resolved "https://registry.yarnpkg.com/jquery.cookie/-/jquery.cookie-1.4.1.tgz#d63dce209eab691fe63316db08ca9e47e0f9385b"
  
  jquery.counterup@^2.1.0:
    version "2.1.0"
    resolved "https://registry.yarnpkg.com/jquery.counterup/-/jquery.counterup-2.1.0.tgz#96665d01460322d6d2320fa9dde3013cc7d12f60"
    dependencies:
      jquery ">=1.5.0"
      waypoints ">=3.0"
  
  jquery.scrollto@^2.1.2:
    version "2.1.2"
    resolved "https://registry.yarnpkg.com/jquery.scrollto/-/jquery.scrollto-2.1.2.tgz#e7580d9c7ac46ef5bb25319483f6f45713fd7c6c"
    dependencies:
      jquery ">=1.8"
  
  jquery@>=1.5.0, jquery@>=1.7, jquery@>=1.8, jquery@>=1.8.3, jquery@^3.3.1:
    version "3.3.1"
    resolved "https://registry.yarnpkg.com/jquery/-/jquery-3.3.1.tgz#958ce29e81c9790f31be7792df5d4d95fc57fbca"
  
  owl.carousel2.thumbs@^0.1.8:
    version "0.1.8"
    resolved "https://registry.yarnpkg.com/owl.carousel2.thumbs/-/owl.carousel2.thumbs-0.1.8.tgz#97da803bd3359969591b73ad4c6b7facf01dcce8"
  
  owl.carousel@^2.3.4:
    version "2.3.4"
    resolved "https://registry.yarnpkg.com/owl.carousel/-/owl.carousel-2.3.4.tgz#6c53dc8d24304b790e4f27a1dc4a655e973ccdc9"
    dependencies:
      jquery ">=1.8.3"
  
  popper.js@^1.14.3:
    version "1.14.3"
    resolved "https://registry.yarnpkg.com/popper.js/-/popper.js-1.14.3.tgz#1438f98d046acf7b4d78cd502bf418ac64d4f095"
  
  waypoints@>=3.0, waypoints@^4.0.1:
    version "4.0.1"
    resolved "https://registry.yarnpkg.com/waypoints/-/waypoints-4.0.1.tgz#09979a0573810b29627cba4366a284a062ec69c8"
  
  wowjs@^1.1.3:
    version "1.1.3"
    resolved "https://registry.yarnpkg.com/wowjs/-/wowjs-1.1.3.tgz#440fc1bb4c7e896840ee47972296a2b59075acbd"
    dependencies:
      animate.css latest
